

                     TIME and DATE
           month: 12       day: 12      year:  2023
           hour: 13  minute: 59   second:    36


          STREAM DEPLETION CAUSED BY PUMPING MULTIPLE WELLS AT
          VARIOUS RATES IN AN INFINITE - STRIP, NON - LEAKY AQUIFER.
          THE WELLS ARE BETWEEN THE STREAM AND A PLANE BOUNDARY.

                       (Glover and Balmer equation)



               T =   190.  square ft/day               S = 0.001000


                           Number of wells =   1



               Distance from stream to plane boundary = 15.00 miles



               Distances of the wells from the stream and the
                               number of pumping rates

          Well #          Distance (miles)      No. of rates
               1                   9.86                 1




                     PUMPING SCHEDULES FOR THE WELLS

                    Pumping schedule for well number  1

                        Pumping rate               Pumping time
              Q(  1) =  359.4  ac-ft/yr    for    100.000  years



                        Image Control = .10000000E-05


                         Time variable (t)  Only 500 timesteps allowed

               t min =   1.000 years;   t max = 100.000 years;
                         delta t =   1.000  years


                                          Accumulated          Depletion
                         Rate of           Depletion           Volume in
          Time          Depletion           Volume            Time Period
         (years)        (ac-ft/yr)        (acre-feet)         (acre-feet)

          1.000           0.003564           0.000296           0.000296
          2.000           0.639665           0.181855           0.181560
          3.000           3.857053           2.176421           1.994565
          4.000           9.756249           8.800064           6.623643
          5.000          17.316451          22.239349          13.439285


          6.000          25.679639          43.696601          21.457252
          7.000          34.329686          73.691603          29.995002
          8.000          42.991415         112.358384          38.666781
          9.000          51.528049         159.631956          47.273572
         10.000          59.876213         215.351266          55.719309


         11.000          68.009843         279.313140          63.961874
         12.000          75.921208         351.297232          71.984092
         13.000          83.611290         431.081754          79.784522
         14.000          91.084951         518.447655          87.365901
         15.000          98.348590         613.181645          94.733989


         16.000         105.409032         715.077104         101.895459
         17.000         112.273029         823.934231         108.857126
         18.000         118.947058         939.559844         115.625613
         19.000         125.437256        1061.767073         122.207230
         20.000         131.749420        1190.375014         128.607941


         21.000         137.889029        1325.208398         134.833383
         22.000         143.861279        1466.097289         140.888891
         23.000         149.671112        1612.876819         146.779531
         24.000         155.323245        1765.386949         152.510129
         25.000         160.822195        1923.472251         158.085302


         26.000         166.172298        2086.981725         163.509474
         27.000         171.377731        2255.768625         168.786901
         28.000         176.442517        2429.690306         173.921680
         29.000         181.370548        2608.608076         178.917770
         30.000         186.165585        2792.387072         183.778996


         31.000         190.831273        2980.896132         188.509060
         32.000         195.371143        3174.007680         193.111549
         33.000         199.788622        3371.597623         197.589942
         34.000         204.087036        3573.545238         201.947615
         35.000         208.269614        3779.733084         206.187846


         36.000         212.339494        3990.046901         210.313817
         37.000         216.299725        4204.375524         214.328622
         38.000         220.153271        4422.610791         218.235267
         39.000         223.903014        4644.647466         222.036675
         40.000         227.551751        4870.381358         225.733891


         41.000         231.102217        5099.716420         229.335062
         42.000         234.557057        5332.553917         232.837497
         43.000         237.918851        5568.799520         236.245603
         44.000         241.190106        5808.361440         239.561921
         45.000         244.373262        6051.150366         242.788926


         46.000         247.470694        6297.079391         245.929025
         47.000         250.484711        6546.063950         248.984559
         48.000         253.417560        6798.021758         251.957808
         49.000         256.271428        7052.872744         254.850986
         50.000         259.048443        7310.538997         257.666253


         51.000         261.750673        7570.944702         260.405705
         52.000         264.380134        7834.016087         263.071385
         53.000         266.938786        8099.681368         265.665281
         54.000         269.428535        8367.870693         268.189324
         55.000         271.851237        8638.516090         270.645398


         56.000         274.208698        8911.551421         273.035331
         57.000         276.502675        9186.912326         275.360905
         58.000         278.734877        9464.536180         277.623854
         59.000         280.906968        9744.362044         279.825864
         60.000         283.020567       10026.330620         281.968576


         61.000         285.077249       10310.384206         284.053587
         62.000         287.078546       10596.466657         286.082450
         63.000         289.025951       10884.523335         288.056679
         64.000         290.920909       11174.498233         289.974898
         65.000         292.764842       11466.345303         291.847070


         66.000         294.559121       11760.011367         293.666063
         67.000         296.305081       12055.447439         295.436073
         68.000         298.004025       12352.605857         297.158418
         69.000         299.657218       12651.440239         298.834382
         70.000         301.265892       12951.905453         300.465214


         71.000         302.831246       13253.957583         302.052130
         72.000         304.354447       13557.553894         303.596311
         73.000         305.836629       13862.652804         305.098910
         74.000         307.278899       14169.213849         306.561045
         75.000         308.682329       14477.197655         307.983806


         76.000         310.047966       14786.565910         309.368254
         77.000         311.376829       15097.281330         310.715421
         78.000         312.669906       15409.307639         312.026309
         79.000         313.928163       15722.609536         313.301897
         80.000         315.152536       16037.152670         314.543134


         81.000         316.343937       16352.903617         315.750947
         82.000         317.503256       16669.829851         316.926234
         83.000         318.631355       16987.899723         318.069872
         84.000         319.729076       17307.082436         319.182713
         85.000         320.797237       17627.348022         320.265586


         86.000         321.836633       17948.667321         321.319299
         87.000         322.848039       18271.011958         322.344637
         88.000         323.832209       18594.354321         323.342363
         89.000         324.789877       18918.667543         324.313222
         90.000         325.721755       19243.925479         325.257936


         91.000         326.628539       19570.102689         326.177210
         92.000         327.510905       19897.174418         327.071729
         93.000         328.369509       20225.116578         327.942160
         94.000         329.204992       20553.905729         328.789151
         95.000         330.017976       20883.519063         329.613334


         96.000         330.809068       21213.934384         330.415322
         97.000         331.578856       21545.130097         331.195713
         98.000         332.327915       21877.085187         331.955089
         99.000         333.056802       22209.779203         332.694016
        100.000         333.766061       22543.192248         333.413045


