

                     TIME and DATE
           month: 12       day: 12      year:  2023
           hour: 13  minute: 55   second:    15


          STREAM DEPLETION CAUSED BY PUMPING MULTIPLE WELLS AT
          VARIOUS RATES IN AN INFINITE - STRIP, NON - LEAKY AQUIFER.
          THE WELLS ARE BETWEEN THE STREAM AND A PLANE BOUNDARY.

                       (Glover and Balmer equation)



               T =   190.  square ft/day               S = 0.001000


                           Number of wells =   2



               Distance from stream to plane boundary = 15.00 miles



               Distances of the wells from the stream and the
                               number of pumping rates

          Well #          Distance (miles)      No. of rates
               1                  10.12                 1

               2                   9.26                 1




                     PUMPING SCHEDULES FOR THE WELLS

                    Pumping schedule for well number  1

                        Pumping rate               Pumping time
              Q(  1) =  179.7  ac-ft/yr    for    100.000  years



                    Pumping schedule for well number  2

                        Pumping rate               Pumping time
              Q(  1) =  179.7  ac-ft/yr    for    100.000  years



                        Image Control = .10000000E-05


                         Time variable (t)  Only 500 timesteps allowed

               t min =   1.000 years;   t max = 100.000 years;
                         delta t =   1.000  years


                                          Accumulated          Depletion
                         Rate of           Depletion           Volume in
          Time          Depletion           Volume            Time Period
         (years)        (ac-ft/yr)        (acre-feet)         (acre-feet)

          1.000           0.007005           0.000631           0.000631
          2.000           0.841169           0.252597           0.251966
          3.000           4.564748           2.687299           2.434702
          4.000          11.022250          10.301278           7.613979
          5.000          19.062580          25.255075          14.953796


          6.000          27.802485          48.655285          23.400210
          7.000          36.734705          80.921445          32.266160
          8.000          45.600272         122.101007          41.179562
          9.000          54.278139         172.058673          49.957666
         10.000          62.718316         230.577913          58.519240


         11.000          70.905617         297.411310          66.833397
         12.000          78.841005         372.305347          74.894037
         13.000          86.532326         455.011941          82.706593
         14.000          93.989840         545.292061          90.280121
         15.000         101.224174         642.917234          97.625172


         16.000         108.245460         747.669403         104.752169
         17.000         115.063027         859.340257         111.670854
         18.000         121.685360         977.730388         118.390131
         19.000         128.120157        1102.648473         124.918085
         20.000         134.374423        1233.910531         131.262058


         21.000         140.454574        1371.339286         137.428754
         22.000         146.366527        1514.763618         143.424332
         23.000         152.115777        1664.018109         149.254492
         24.000         157.707466        1818.942656         154.924546
         25.000         163.146432        1979.382137         160.439482


         26.000         168.437253        2145.186141         165.804003
         27.000         173.584285        2316.208717         171.022576
         28.000         178.591685        2492.308169         176.099453
         29.000         183.463438        2673.346873         181.038704
         30.000         188.203370        2859.191107         185.844233


         31.000         192.815170        3049.710904         190.519798
         32.000         197.302394        3244.779923         195.069018
         33.000         201.668481        3444.275315         199.495392
         34.000         205.916759        3648.077616         203.802301
         35.000         210.050450        3856.070638         207.993022


         36.000         214.072683        4068.141365         212.070727
         37.000         217.986488        4284.179861         216.038497
         38.000         221.794810        4504.079180         219.899319
         39.000         225.500507        4727.734403         223.655223
         40.000         229.106362        4955.046044         227.311641


         41.000         232.615071        5185.913836         230.867791
         42.000         236.029263        5420.243771         234.329936
         43.000         239.351489        5657.941707         237.697935
         44.000         242.584231        5898.916922         240.975215
         45.000         245.729903        6143.081146         244.164224


         46.000         248.790853        6390.348487         247.267342
         47.000         251.769365        6640.635372         250.286885
         48.000         254.667661        6893.860479         253.225107
         49.000         257.487904        7149.944677         256.084199
         50.000         260.232196        7408.810970         258.866293


         51.000         262.902583        7670.384435         261.573464
         52.000         265.501057        7934.592166         264.207731
         53.000         268.029555        8201.363224         266.771058
         54.000         270.489961        8470.628579         269.265355
         55.000         272.884110        8742.321061         271.692482


         56.000         275.213786        9016.375308         274.054247
         57.000         277.480725        9292.727720         276.352412
         58.000         279.686617        9571.316409         278.588689
         59.000         281.833107        9852.081154         280.764745
         60.000         283.921794       10134.963356         282.882202


         61.000         285.954234       10419.905994         284.942637
         62.000         287.931942       10706.853581         286.947587
         63.000         289.856391       10995.750719         288.897139
         64.000         291.729018       11286.547684         290.796964
         65.000         293.551215       11579.190491         292.642807


         66.000         295.324344       11873.632304         294.441813
         67.000         297.049725       12169.823264         296.190960
         68.000         298.728643       12467.716267         297.893003
         69.000         300.362350       12767.265480         299.549213
         70.000         301.952062       13068.426302         301.160822


         71.000         303.498966       13371.155335         302.729033
         72.000         305.004213       13675.410348         304.255013
         73.000         306.468925       13981.150249         305.739901
         74.000         307.894194       14288.335051         307.184802
         75.000         309.281082       14596.925843         308.590793


         76.000         310.630623       14906.884766         309.958922
         77.000         311.943822       15218.174975         311.290209
         78.000         313.221658       15530.760621         312.585646
         79.000         314.465083       15844.606820         313.846199
         80.000         315.675024       16159.679626         315.072806


         81.000         316.852383       16475.946007         316.266381
         82.000         317.998036       16793.373823         317.427816
         83.000         319.112839       17111.931796         318.557973
         84.000         320.197621       17431.589494         319.657697
         85.000         321.253191       17752.317301         320.727807


         86.000         322.280335       18074.086400         321.769100
         87.000         323.279820       18396.868752         322.782351
         88.000         324.252390       18720.637069         323.768317
         89.000         325.198769       19045.364801         324.727732
         90.000         326.119664       19371.026113         325.661311


         91.000         327.015760       19697.595863         326.569750
         92.000         327.887724       20025.049588         327.453726
         93.000         328.736208       20353.363485         328.313896
         94.000         329.561843       20682.514389         329.150904
         95.000         330.365245       21012.479760         329.965372


         96.000         331.147012       21343.237667         330.757907
         97.000         331.907726       21674.766766         331.529100
         98.000         332.647956       22007.046291         332.279525
         99.000         333.368252       22340.056034         333.009742
        100.000         334.069151       22673.776329         333.720296


